Copyright 1986-2014 Xilinx, Inc. All Rights Reserved.
-----------------------------------------------------------------------------------------------------------
| Tool Version : Vivado v.2014.1 (win64) Build 881834 Fri Apr  4 14:15:54 MDT 2014
| Date         : Mon May 19 14:40:31 2014
| Host         : admini-PC running 64-bit Service Pack 1  (build 7601)
| Command      : report_utilization -file kpsm_top_utilization_synth.rpt -pb kpsm_top_utilization_synth.pb
| Design       : kpsm_top
| Device       : xc7k325t
| Design State : Synthesized
-----------------------------------------------------------------------------------------------------------

Utilization Design Information

Table of Contents
-----------------
1. Slice Logic
2. Memory
3. DSP
4. IO and GT Specific
5. Clocking
6. Specific Feature
7. Primitives
8. Black Boxes
9. Instantiated Netlists

1. Slice Logic
--------------

+----------------------------+------+-------+-----------+-------+
|          Site Type         | Used | Loced | Available | Util% |
+----------------------------+------+-------+-----------+-------+
| Slice LUTs*                |  104 |     0 |    203800 |  0.05 |
|   LUT as Logic             |   80 |     0 |    203800 |  0.03 |
|   LUT as Memory            |   24 |     0 |     64000 |  0.03 |
|     LUT as Distributed RAM |   24 |     0 |           |       |
|     LUT as Shift Register  |    0 |     0 |           |       |
| Slice Registers            |   85 |     0 |    407600 |  0.02 |
|   Register as Flip Flop    |   85 |     0 |    407600 |  0.02 |
|   Register as Latch        |    0 |     0 |    407600 |  0.00 |
| F7 Muxes                   |    0 |     0 |    101900 |  0.00 |
| F8 Muxes                   |    0 |     0 |     50950 |  0.00 |
+----------------------------+------+-------+-----------+-------+
* Warning! The Final LUT count, after physical optimizations and full implementation, is typically lower. Run opt_design after synthesis, if not already completed, for a more realistic count.


2. Memory
---------

+-------------------+------+-------+-----------+-------+
|     Site Type     | Used | Loced | Available | Util% |
+-------------------+------+-------+-----------+-------+
| Block RAM Tile    |    1 |     0 |       445 |  0.22 |
|   RAMB36/FIFO*    |    1 |     0 |       445 |  0.22 |
|     RAMB36E1 only |    1 |       |           |       |
|   RAMB18          |    0 |     0 |       890 |  0.00 |
+-------------------+------+-------+-----------+-------+
* Note: Each Block RAM Tile only has one FIFO logic available and therefore can accommodate only one FIFO36E1 or one FIFO18E1. However, if a FIFO18E1 occupies a Block RAM Tile, that tile can still accommodate a RAMB18E1


3. DSP
------

+-----------+------+-------+-----------+-------+
| Site Type | Used | Loced | Available | Util% |
+-----------+------+-------+-----------+-------+
| DSPs      |    0 |     0 |       840 |  0.00 |
+-----------+------+-------+-----------+-------+


4. IO and GT Specific
---------------------

+-----------------------------+------+-------+-----------+-------+
|          Site Type          | Used | Loced | Available | Util% |
+-----------------------------+------+-------+-----------+-------+
| Bonded IOB                  |    8 |     0 |       500 |  1.60 |
| Bonded IPADs                |    0 |     0 |        50 |  0.00 |
| Bonded OPADs                |    0 |     0 |        32 |  0.00 |
| PHY_CONTROL                 |    0 |     0 |        10 |  0.00 |
| PHASER_REF                  |    0 |     0 |        10 |  0.00 |
| OUT_FIFO                    |    0 |     0 |        40 |  0.00 |
| IN_FIFO                     |    0 |     0 |        40 |  0.00 |
| IDELAYCTRL                  |    0 |     0 |        10 |  0.00 |
| IBUFGDS                     |    0 |     0 |       480 |  0.00 |
| GTXE2_CHANNEL               |    0 |     0 |        16 |  0.00 |
| PHASER_OUT/PHASER_OUT_PHY   |    0 |     0 |        40 |  0.00 |
| PHASER_IN/PHASER_IN_PHY     |    0 |     0 |        40 |  0.00 |
| IDELAYE2/IDELAYE2_FINEDELAY |    0 |     0 |       500 |  0.00 |
| ODELAYE2/ODELAYE2_FINEDELAY |    0 |     0 |       150 |  0.00 |
| IBUFDS_GTE2                 |    0 |     0 |         8 |  0.00 |
| ILOGIC                      |    0 |     0 |       500 |  0.00 |
| OLOGIC                      |    0 |     0 |       500 |  0.00 |
+-----------------------------+------+-------+-----------+-------+


5. Clocking
-----------

+------------+------+-------+-----------+-------+
|  Site Type | Used | Loced | Available | Util% |
+------------+------+-------+-----------+-------+
| BUFGCTRL   |    0 |     0 |        32 |  0.00 |
| BUFIO      |    0 |     0 |        40 |  0.00 |
| MMCME2_ADV |    0 |     0 |        10 |  0.00 |
| PLLE2_ADV  |    0 |     0 |        10 |  0.00 |
| BUFMRCE    |    0 |     0 |        20 |  0.00 |
| BUFHCE     |    0 |     0 |       168 |  0.00 |
| BUFR       |    0 |     0 |        40 |  0.00 |
+------------+------+-------+-----------+-------+


6. Specific Feature
-------------------

+-------------+------+-------+-----------+-------+
|  Site Type  | Used | Loced | Available | Util% |
+-------------+------+-------+-----------+-------+
| BSCANE2     |    0 |     0 |         4 |  0.00 |
| CAPTUREE2   |    0 |     0 |         1 |  0.00 |
| DNA_PORT    |    0 |     0 |         1 |  0.00 |
| EFUSE_USR   |    0 |     0 |         1 |  0.00 |
| FRAME_ECCE2 |    0 |     0 |         1 |  0.00 |
| ICAPE2      |    0 |     0 |         2 |  0.00 |
| PCIE_2_1    |    0 |     0 |         1 |  0.00 |
| STARTUPE2   |    0 |     0 |         1 |  0.00 |
| XADC        |    0 |     0 |         1 |  0.00 |
+-------------+------+-------+-----------+-------+


7. Primitives
-------------

+----------+------+---------------------+
| Ref Name | Used | Functional Category |
+----------+------+---------------------+
| FDRE     |   85 |        Flop & Latch |
| LUT6     |   79 |                 LUT |
| LUT5     |   50 |                 LUT |
| RAMD32   |   24 |  Distributed Memory |
| CARRY4   |   10 |          CarryLogic |
| RAMS32   |    8 |  Distributed Memory |
| RAMD64E  |    8 |  Distributed Memory |
| OBUF     |    8 |                  IO |
| RAMB36E1 |    1 |        Block Memory |
| LUT2     |    1 |                 LUT |
+----------+------+---------------------+


8. Black Boxes
--------------

+-----------+------+
|  Ref Name | Used |
+-----------+------+
| clk_wiz_0 |    1 |
+-----------+------+


9. Instantiated Netlists
------------------------

+----------+------+
| Ref Name | Used |
+----------+------+


